[INFO ] 2019-11-27 09:38:01 [main] cn.makinnet.springboot.MyApplication - Starting MyApplication on osx-yaoliang with PID 47395 (/Users/leon1942/Documents/java/applications/springboot2_demo/2-02springboot-logging/target/classes started by leon1942 in /Users/leon1942/Documents/java/applications/springboot2_demo/2-02springboot-logging)
[INFO ] 2019-11-27 09:38:01 [main] cn.makinnet.springboot.MyApplication - No active profile set, falling back to default profiles: default
[INFO ] 2019-11-27 09:38:01 [main] o.s.b.w.e.tomcat.TomcatWebServer - Tomcat initialized with port(s): 8088 (http)
[INFO ] 2019-11-27 09:38:01 [main] o.a.coyote.http11.Http11NioProtocol - Initializing ProtocolHandler ["http-nio-8088"]
[INFO ] 2019-11-27 09:38:01 [main] o.a.catalina.core.StandardService - Starting service [Tomcat]
[INFO ] 2019-11-27 09:38:01 [main] o.a.catalina.core.StandardEngine - Starting Servlet engine: [Apache Tomcat/9.0.27]
[INFO ] 2019-11-27 09:38:01 [main] o.a.c.c.C.[.[.[/automation] - Initializing Spring embedded WebApplicationContext
[INFO ] 2019-11-27 09:38:01 [main] o.s.web.context.ContextLoader - Root WebApplicationContext: initialization completed in 3124 ms
[INFO ] 2019-11-27 09:38:01 [main] o.s.s.c.ThreadPoolTaskExecutor - Initializing ExecutorService 'applicationTaskExecutor'
[INFO ] 2019-11-27 09:38:01 [main] o.s.b.a.w.s.WelcomePageHandlerMapping - Adding welcome page template: index
[INFO ] 2019-11-27 09:38:01 [main] o.a.coyote.http11.Http11NioProtocol - Starting ProtocolHandler ["http-nio-8088"]
[INFO ] 2019-11-27 09:38:01 [main] o.s.b.w.e.tomcat.TomcatWebServer - Tomcat started on port(s): 8088 (http) with context path '/automation'
[INFO ] 2019-11-27 09:38:01 [main] cn.makinnet.springboot.MyApplication - Started MyApplication in 5.966 seconds (JVM running for 7.864)
[INFO ] 2019-11-27 09:38:01 [SpringContextShutdownHook] o.s.s.c.ThreadPoolTaskExecutor - Shutting down ExecutorService 'applicationTaskExecutor'
[INFO ] 2019-11-27 09:44:53 [main] cn.makinnet.springboot.MyApplication - Starting MyApplication on osx-yaoliang with PID 49190 (/Users/leon1942/Documents/java/applications/springboot2_demo/2-02springboot-logging/target/classes started by leon1942 in /Users/leon1942/Documents/java/applications/springboot2_demo/2-02springboot-logging)
[INFO ] 2019-11-27 09:44:53 [main] cn.makinnet.springboot.MyApplication - No active profile set, falling back to default profiles: default
[INFO ] 2019-11-27 09:44:53 [main] o.s.b.w.e.tomcat.TomcatWebServer - Tomcat initialized with port(s): 8088 (http)
[INFO ] 2019-11-27 09:44:53 [main] o.a.coyote.http11.Http11NioProtocol - Initializing ProtocolHandler ["http-nio-8088"]
[INFO ] 2019-11-27 09:44:53 [main] o.a.catalina.core.StandardService - Starting service [Tomcat]
[INFO ] 2019-11-27 09:44:53 [main] o.a.catalina.core.StandardEngine - Starting Servlet engine: [Apache Tomcat/9.0.27]
[INFO ] 2019-11-27 09:44:53 [main] o.a.c.c.C.[.[.[/automation] - Initializing Spring embedded WebApplicationContext
[INFO ] 2019-11-27 09:44:53 [main] o.s.web.context.ContextLoader - Root WebApplicationContext: initialization completed in 3589 ms
[INFO ] 2019-11-27 09:44:53 [main] o.s.s.c.ThreadPoolTaskExecutor - Initializing ExecutorService 'applicationTaskExecutor'
[INFO ] 2019-11-27 09:44:53 [main] o.s.b.a.w.s.WelcomePageHandlerMapping - Adding welcome page template: index
[INFO ] 2019-11-27 09:44:53 [main] o.a.coyote.http11.Http11NioProtocol - Starting ProtocolHandler ["http-nio-8088"]
[INFO ] 2019-11-27 09:44:53 [main] o.s.b.w.e.tomcat.TomcatWebServer - Tomcat started on port(s): 8088 (http) with context path '/automation'
[INFO ] 2019-11-27 09:44:53 [main] cn.makinnet.springboot.MyApplication - Started MyApplication in 6.152 seconds (JVM running for 8.191)
[INFO ] 2019-11-27 09:44:53 [SpringContextShutdownHook] o.s.s.c.ThreadPoolTaskExecutor - Shutting down ExecutorService 'applicationTaskExecutor'
